WARNING: Using incubator modules: jdk.incubator.concurrent, jdk.incubator.vector
[Error - 7:25:53 PM] Request textDocument/codeAction failed.
  Message: Internal error.
  Code: -32603 
java.util.concurrent.CompletionException: java.lang.NullPointerException: Cannot invoke "org.eclipse.core.resources.mapping.IModelProviderDescriptor.getMatchingResources(org.eclipse.core.resources.IResource[])" because "descriptor" is null
	at java.base/java.util.concurrent.CompletableFuture.encodeThrowable(CompletableFuture.java:315)
	at java.base/java.util.concurrent.CompletableFuture.completeThrowable(CompletableFuture.java:320)
	at java.base/java.util.concurrent.CompletableFuture$UniApply.tryFire(CompletableFuture.java:649)
	at java.base/java.util.concurrent.CompletableFuture$Completion.exec(CompletableFuture.java:483)
	at java.base/java.util.concurrent.ForkJoinTask.doExec(ForkJoinTask.java:387)
	at java.base/java.util.concurrent.ForkJoinPool$WorkQueue.topLevelExec(ForkJoinPool.java:1312)
	at java.base/java.util.concurrent.ForkJoinPool.scan(ForkJoinPool.java:1843)
	at java.base/java.util.concurrent.ForkJoinPool.runWorker(ForkJoinPool.java:1808)
	at java.base/java.util.concurrent.ForkJoinWorkerThread.run(ForkJoinWorkerThread.java:188)
Caused by: java.lang.NullPointerException: Cannot invoke "org.eclipse.core.resources.mapping.IModelProviderDescriptor.getMatchingResources(org.eclipse.core.resources.IResource[])" because "descriptor" is null
	at org.eclipse.core.resources.mapping.ResourceChangeValidator.getProviders(ResourceChangeValidator.java:104)
	at org.eclipse.core.resources.mapping.ResourceChangeValidator.validateChange(ResourceChangeValidator.java:153)
	at org.eclipse.ltk.core.refactoring.participants.ResourceChangeChecker.check(ResourceChangeChecker.java:88)
	at org.eclipse.ltk.core.refactoring.participants.ResourceChangeChecker.checkFilesToBeChanged(ResourceChangeChecker.java:73)
	at org.eclipse.jdt.ls.core.internal.corext.refactoring.code.ExtractMethodRefactoring.internalCheckInitialConditions(ExtractMethodRefactoring.java:327)
	at org.eclipse.jdt.ls.core.internal.corext.refactoring.code.ExtractMethodRefactoring.checkInferConditions(ExtractMethodRefactoring.java:311)
	at org.eclipse.jdt.ls.core.internal.text.correction.RefactorProposalUtility.getExtractMethodProposal(RefactorProposalUtility.java:791)
	at org.eclipse.jdt.ls.core.internal.text.correction.RefactorProposalUtility.getExtractMethodCommandProposal(RefactorProposalUtility.java:282)
	at org.eclipse.jdt.ls.core.internal.corrections.RefactorProcessor.getExtractMethodProposal(RefactorProcessor.java:279)
	at org.eclipse.jdt.ls.core.internal.corrections.RefactorProcessor.getProposals(RefactorProcessor.java:139)
	at org.eclipse.jdt.ls.core.internal.handlers.CodeActionHandler.getCodeActionCommands(CodeActionHandler.java:177)
	at org.eclipse.jdt.ls.core.internal.handlers.JDTLanguageServer.lambda$13(JDTLanguageServer.java:720)
	at org.eclipse.jdt.ls.core.internal.BaseJDTLanguageServer.lambda$0(BaseJDTLanguageServer.java:87)
	at java.base/java.util.concurrent.CompletableFuture$UniApply.tryFire(CompletableFuture.java:646)
	... 6 more

[Error - 7:29:40 PM] Request textDocument/codeAction failed.
  Message: Internal error.
  Code: -32603 
java.util.concurrent.CompletionException: java.lang.NullPointerException: Cannot invoke "org.eclipse.core.resources.mapping.IModelProviderDescriptor.getMatchingResources(org.eclipse.core.resources.IResource[])" because "descriptor" is null
	at java.base/java.util.concurrent.CompletableFuture.encodeThrowable(CompletableFuture.java:315)
	at java.base/java.util.concurrent.CompletableFuture.completeThrowable(CompletableFuture.java:320)
	at java.base/java.util.concurrent.CompletableFuture$UniApply.tryFire(CompletableFuture.java:649)
	at java.base/java.util.concurrent.CompletableFuture$Completion.exec(CompletableFuture.java:483)
	at java.base/java.util.concurrent.ForkJoinTask.doExec(ForkJoinTask.java:387)
	at java.base/java.util.concurrent.ForkJoinPool$WorkQueue.topLevelExec(ForkJoinPool.java:1312)
	at java.base/java.util.concurrent.ForkJoinPool.scan(ForkJoinPool.java:1843)
	at java.base/java.util.concurrent.ForkJoinPool.runWorker(ForkJoinPool.java:1808)
	at java.base/java.util.concurrent.ForkJoinWorkerThread.run(ForkJoinWorkerThread.java:188)
Caused by: java.lang.NullPointerException: Cannot invoke "org.eclipse.core.resources.mapping.IModelProviderDescriptor.getMatchingResources(org.eclipse.core.resources.IResource[])" because "descriptor" is null
	at org.eclipse.core.resources.mapping.ResourceChangeValidator.getProviders(ResourceChangeValidator.java:104)
	at org.eclipse.core.resources.mapping.ResourceChangeValidator.validateChange(ResourceChangeValidator.java:153)
	at org.eclipse.ltk.core.refactoring.participants.ResourceChangeChecker.check(ResourceChangeChecker.java:88)
	at org.eclipse.ltk.core.refactoring.participants.ResourceChangeChecker.checkFilesToBeChanged(ResourceChangeChecker.java:73)
	at org.eclipse.jdt.ls.core.internal.corext.refactoring.code.ExtractMethodRefactoring.internalCheckInitialConditions(ExtractMethodRefactoring.java:327)
	at org.eclipse.jdt.ls.core.internal.corext.refactoring.code.ExtractMethodRefactoring.checkInferConditions(ExtractMethodRefactoring.java:311)
	at org.eclipse.jdt.ls.core.internal.text.correction.RefactorProposalUtility.getExtractMethodProposal(RefactorProposalUtility.java:791)
	at org.eclipse.jdt.ls.core.internal.text.correction.RefactorProposalUtility.getExtractMethodCommandProposal(RefactorProposalUtility.java:282)
	at org.eclipse.jdt.ls.core.internal.corrections.RefactorProcessor.getExtractMethodProposal(RefactorProcessor.java:279)
	at org.eclipse.jdt.ls.core.internal.corrections.RefactorProcessor.getProposals(RefactorProcessor.java:139)
	at org.eclipse.jdt.ls.core.internal.handlers.CodeActionHandler.getCodeActionCommands(CodeActionHandler.java:177)
	at org.eclipse.jdt.ls.core.internal.handlers.JDTLanguageServer.lambda$13(JDTLanguageServer.java:720)
	at org.eclipse.jdt.ls.core.internal.BaseJDTLanguageServer.lambda$0(BaseJDTLanguageServer.java:87)
	at java.base/java.util.concurrent.CompletableFuture$UniApply.tryFire(CompletableFuture.java:646)
	... 6 more

[Error - 7:29:45 PM] Request textDocument/codeAction failed.
  Message: Internal error.
  Code: -32603 
java.util.concurrent.CompletionException: java.lang.NullPointerException: Cannot invoke "org.eclipse.core.resources.mapping.IModelProviderDescriptor.getMatchingResources(org.eclipse.core.resources.IResource[])" because "descriptor" is null
	at java.base/java.util.concurrent.CompletableFuture.encodeThrowable(CompletableFuture.java:315)
	at java.base/java.util.concurrent.CompletableFuture.completeThrowable(CompletableFuture.java:320)
	at java.base/java.util.concurrent.CompletableFuture$UniApply.tryFire(CompletableFuture.java:649)
	at java.base/java.util.concurrent.CompletableFuture$Completion.exec(CompletableFuture.java:483)
	at java.base/java.util.concurrent.ForkJoinTask.doExec(ForkJoinTask.java:387)
	at java.base/java.util.concurrent.ForkJoinPool$WorkQueue.topLevelExec(ForkJoinPool.java:1312)
	at java.base/java.util.concurrent.ForkJoinPool.scan(ForkJoinPool.java:1843)
	at java.base/java.util.concurrent.ForkJoinPool.runWorker(ForkJoinPool.java:1808)
	at java.base/java.util.concurrent.ForkJoinWorkerThread.run(ForkJoinWorkerThread.java:188)
Caused by: java.lang.NullPointerException: Cannot invoke "org.eclipse.core.resources.mapping.IModelProviderDescriptor.getMatchingResources(org.eclipse.core.resources.IResource[])" because "descriptor" is null
	at org.eclipse.core.resources.mapping.ResourceChangeValidator.getProviders(ResourceChangeValidator.java:104)
	at org.eclipse.core.resources.mapping.ResourceChangeValidator.validateChange(ResourceChangeValidator.java:153)
	at org.eclipse.ltk.core.refactoring.participants.ResourceChangeChecker.check(ResourceChangeChecker.java:88)
	at org.eclipse.ltk.core.refactoring.participants.ResourceChangeChecker.checkFilesToBeChanged(ResourceChangeChecker.java:73)
	at org.eclipse.jdt.ls.core.internal.corext.refactoring.code.ExtractMethodRefactoring.internalCheckInitialConditions(ExtractMethodRefactoring.java:327)
	at org.eclipse.jdt.ls.core.internal.corext.refactoring.code.ExtractMethodRefactoring.checkInferConditions(ExtractMethodRefactoring.java:311)
	at org.eclipse.jdt.ls.core.internal.text.correction.RefactorProposalUtility.getExtractMethodProposal(RefactorProposalUtility.java:791)
	at org.eclipse.jdt.ls.core.internal.text.correction.RefactorProposalUtility.getExtractMethodCommandProposal(RefactorProposalUtility.java:282)
	at org.eclipse.jdt.ls.core.internal.corrections.RefactorProcessor.getExtractMethodProposal(RefactorProcessor.java:279)
	at org.eclipse.jdt.ls.core.internal.corrections.RefactorProcessor.getProposals(RefactorProcessor.java:139)
	at org.eclipse.jdt.ls.core.internal.handlers.CodeActionHandler.getCodeActionCommands(CodeActionHandler.java:177)
	at org.eclipse.jdt.ls.core.internal.handlers.JDTLanguageServer.lambda$13(JDTLanguageServer.java:720)
	at org.eclipse.jdt.ls.core.internal.BaseJDTLanguageServer.lambda$0(BaseJDTLanguageServer.java:87)
	at java.base/java.util.concurrent.CompletableFuture$UniApply.tryFire(CompletableFuture.java:646)
	... 6 more

