2023-05-05 13:28:11.289 [info] Added views:workbench.panel.markers.view in workbench.panel.markers
2023-05-05 13:28:11.289 [info] Added views:workbench.panel.output in workbench.panel.output
2023-05-05 13:28:11.289 [info] Added views:terminal in terminal
2023-05-05 13:28:11.289 [info] Added views:outline in workbench.view.explorer
2023-05-05 13:28:11.289 [info] Added views:workbench.scm in workbench.view.scm
2023-05-05 13:28:11.289 [info] Added views:workbench.view.search in workbench.view.search
2023-05-05 13:28:11.289 [info] Added views:timeline in workbench.view.explorer
2023-05-05 13:28:11.289 [info] Added views:workbench.explorer.fileView in workbench.view.explorer
2023-05-05 13:28:11.485 [info] Added views:workbench.debug.welcome in workbench.view.debug
2023-05-05 13:28:11.665 [info] Added views:workbench.panel.repl.view in workbench.panel.repl
2023-05-05 13:28:36.173 [info] Added views:workbench.panel.markers.view in workbench.panel.markers
2023-05-05 13:28:36.173 [info] Added views:workbench.panel.output in workbench.panel.output
2023-05-05 13:28:36.173 [info] Added views:terminal in terminal
2023-05-05 13:28:36.173 [info] Added views:outline in workbench.view.explorer
2023-05-05 13:28:36.173 [info] Added views:workbench.scm in workbench.view.scm
2023-05-05 13:28:36.173 [info] Added views:workbench.view.search in workbench.view.search
2023-05-05 13:28:36.173 [info] Added views:timeline in workbench.view.explorer
2023-05-05 13:28:36.173 [info] Added views:workbench.explorer.fileView in workbench.view.explorer
2023-05-05 13:28:36.366 [info] Added views:workbench.debug.welcome in workbench.view.debug
2023-05-05 13:28:36.593 [info] Added views:workbench.panel.repl.view in workbench.panel.repl
2023-05-05 13:40:36.962 [info] Added views:workbench.debug.breakPointsView in workbench.view.debug
2023-05-05 13:40:38.554 [info] Removed views:workbench.debug.welcome from workbench.view.debug
2023-05-05 13:40:38.555 [info] Added views:workbench.debug.variablesView,workbench.debug.watchExpressionsView,workbench.debug.callStackView in workbench.view.debug
2023-05-05 13:41:39.447 [info] Removed views:workbench.debug.callStackView,workbench.debug.watchExpressionsView,workbench.debug.variablesView from workbench.view.debug
2023-05-05 13:41:39.448 [info] Added views:workbench.debug.welcome in workbench.view.debug
