2023-05-05 19:02:43.157 [info] Log level: Info
2023-05-05 19:02:43.157 [info] Validating found git in: "git"
2023-05-05 19:02:43.157 [info] Using git "2.40.1" from "git"
2023-05-05 19:02:43.157 [info] > git rev-parse --show-toplevel [28ms]
2023-05-05 19:02:43.157 [info] > git rev-parse --git-dir --git-common-dir [28ms]
2023-05-05 19:02:43.157 [info] Open repository: /home/alex/DAM/RetoFinal/PokeCatch
2023-05-05 19:02:43.174 [info] > git rev-parse --show-toplevel [18ms]
2023-05-05 19:02:43.184 [info] > git config --get commit.template [19ms]
2023-05-05 19:02:43.185 [info] > git rev-parse --show-toplevel [4ms]
2023-05-05 19:02:43.208 [info] > git rev-parse --show-toplevel [17ms]
2023-05-05 19:02:43.219 [info] > git rev-parse --show-toplevel [3ms]
2023-05-05 19:02:43.224 [info] > git for-each-ref --format=%(refname)%00%(upstream:short)%00%(objectname)%00%(upstream:track)%00%(upstream:remotename)%00%(upstream:remoteref) refs/heads/main refs/remotes/main [27ms]
2023-05-05 19:02:43.234 [info] > git rev-parse --show-toplevel [10ms]
2023-05-05 19:02:43.237 [info] > git status -z -uall [5ms]
2023-05-05 19:02:43.281 [info] > git config --get commit.template [19ms]
2023-05-05 19:02:43.291 [info] > git for-each-ref --format=%(refname)%00%(upstream:short)%00%(objectname)%00%(upstream:track)%00%(upstream:remotename)%00%(upstream:remoteref) refs/heads/main refs/remotes/main [2ms]
2023-05-05 19:02:43.299 [info] > git status -z -uall [1ms]
2023-05-05 19:02:43.651 [info] > git show --textconv :src/view/ProfessorView.java [9ms]
2023-05-05 19:02:43.652 [info] > git ls-files --stage -- /home/alex/DAM/RetoFinal/PokeCatch/src/view/ProfessorView.java [3ms]
2023-05-05 19:02:43.663 [info] > git cat-file -s 0f7093a04742fe42fee9f905038b08463635f8df [4ms]
2023-05-05 19:02:43.713 [info] > git check-ignore -v -z --stdin [1ms]
2023-05-05 19:02:59.916 [info] > git config --get commit.template [0ms]
2023-05-05 19:02:59.920 [info] > git for-each-ref --format=%(refname)%00%(upstream:short)%00%(objectname)%00%(upstream:track)%00%(upstream:remotename)%00%(upstream:remoteref) refs/heads/main refs/remotes/main [1ms]
2023-05-05 19:02:59.925 [info] > git status -z -uall [1ms]
2023-05-05 19:03:16.171 [info] > git config --get commit.template [1ms]
2023-05-05 19:03:16.179 [info] > git for-each-ref --format=%(refname)%00%(upstream:short)%00%(objectname)%00%(upstream:track)%00%(upstream:remotename)%00%(upstream:remoteref) refs/heads/main refs/remotes/main [1ms]
2023-05-05 19:03:16.184 [info] > git status -z -uall [1ms]
2023-05-05 19:03:25.453 [info] > git config --get commit.template [1ms]
2023-05-05 19:03:25.460 [info] > git for-each-ref --format=%(refname)%00%(upstream:short)%00%(objectname)%00%(upstream:track)%00%(upstream:remotename)%00%(upstream:remoteref) refs/heads/main refs/remotes/main [1ms]
2023-05-05 19:03:25.472 [info] > git status -z -uall [7ms]
2023-05-05 19:03:25.561 [info] > git ls-files --stage -- /home/alex/DAM/RetoFinal/PokeCatch/src/view/ProfessorView.java [1ms]
2023-05-05 19:03:25.568 [info] > git cat-file -s da4fd3a0d608ccf68f81665d29ca99dc92cb7cd0 [2ms]
2023-05-05 19:03:25.580 [info] > git show --textconv :src/view/ProfessorView.java [5ms]
2023-05-05 19:03:39.652 [info] > git config --get commit.template [2ms]
2023-05-05 19:03:39.662 [info] > git for-each-ref --format=%(refname)%00%(upstream:short)%00%(objectname)%00%(upstream:track)%00%(upstream:remotename)%00%(upstream:remoteref) refs/heads/main refs/remotes/main [6ms]
2023-05-05 19:03:39.668 [info] > git status -z -uall [1ms]
2023-05-05 19:03:39.760 [info] > git ls-files --stage -- /home/alex/DAM/RetoFinal/PokeCatch/src/view/ProfessorView.java [2ms]
2023-05-05 19:03:39.766 [info] > git cat-file -s da4fd3a0d608ccf68f81665d29ca99dc92cb7cd0 [1ms]
2023-05-05 19:03:39.786 [info] > git show --textconv :src/view/ProfessorView.java [1ms]
2023-05-05 19:04:31.774 [info] > git config --get commit.template [7ms]
2023-05-05 19:04:31.775 [info] > git for-each-ref --format=%(refname)%00%(upstream:short)%00%(objectname)%00%(upstream:track)%00%(upstream:remotename)%00%(upstream:remoteref) refs/heads/dev_trainer refs/remotes/dev_trainer [2ms]
2023-05-05 19:04:31.780 [info] > git status -z -uall [1ms]
2023-05-05 19:04:31.869 [info] > git ls-files --stage -- /home/alex/DAM/RetoFinal/PokeCatch/src/view/ProfessorView.java [1ms]
2023-05-05 19:04:31.876 [info] > git cat-file -s da4fd3a0d608ccf68f81665d29ca99dc92cb7cd0 [1ms]
2023-05-05 19:04:31.890 [info] > git show --textconv :src/view/ProfessorView.java [5ms]
2023-05-05 19:04:41.070 [info] > git config --get commit.template [2ms]
2023-05-05 19:04:41.077 [info] > git for-each-ref --format=%(refname)%00%(upstream:short)%00%(objectname)%00%(upstream:track)%00%(upstream:remotename)%00%(upstream:remoteref) refs/heads/dev_trainer refs/remotes/dev_trainer [1ms]
2023-05-05 19:04:41.083 [info] > git status -z -uall [1ms]
2023-05-05 19:04:41.169 [info] > git ls-files --stage -- /home/alex/DAM/RetoFinal/PokeCatch/src/view/ProfessorView.java [2ms]
2023-05-05 19:04:41.176 [info] > git cat-file -s da4fd3a0d608ccf68f81665d29ca99dc92cb7cd0 [1ms]
2023-05-05 19:04:41.192 [info] > git show --textconv :src/view/ProfessorView.java [7ms]
2023-05-05 19:08:26.297 [info] > git config --get commit.template [6ms]
2023-05-05 19:08:26.298 [info] > git for-each-ref --format=%(refname)%00%(upstream:short)%00%(objectname)%00%(upstream:track)%00%(upstream:remotename)%00%(upstream:remoteref) refs/heads/dev_trainer refs/remotes/dev_trainer [1ms]
2023-05-05 19:08:26.301 [info] > git status -z -uall [1ms]
2023-05-05 19:08:26.389 [info] > git ls-files --stage -- /home/alex/DAM/RetoFinal/PokeCatch/src/view/ProfessorView.java [1ms]
2023-05-05 19:08:26.392 [info] > git cat-file -s da4fd3a0d608ccf68f81665d29ca99dc92cb7cd0 [0ms]
2023-05-05 19:08:26.397 [info] > git show --textconv :src/view/ProfessorView.java [1ms]
