2023-05-06 10:04:17.777 [info] Log level: Info
2023-05-06 10:04:17.777 [info] Validating found git in: "git"
2023-05-06 10:04:17.777 [info] Using git "2.40.1" from "git"
2023-05-06 10:04:17.779 [info] > git rev-parse --show-toplevel [3ms]
2023-05-06 10:04:17.787 [info] > git rev-parse --git-dir --git-common-dir [0ms]
2023-05-06 10:04:17.798 [info] Open repository: /home/alex/DAM/RetoFinal/PokeCatch
2023-05-06 10:04:17.834 [info] > git rev-parse --show-toplevel [31ms]
2023-05-06 10:04:17.834 [info] fatal: not a git repository (or any of the parent directories): .git
2023-05-06 10:04:17.845 [info] > git rev-parse --show-toplevel [5ms]
2023-05-06 10:04:17.850 [info] > git config --get commit.template [17ms]
2023-05-06 10:04:17.851 [info] > git rev-parse --show-toplevel [2ms]
2023-05-06 10:04:17.931 [info] > git for-each-ref --format=%(refname)%00%(upstream:short)%00%(objectname)%00%(upstream:track)%00%(upstream:remotename)%00%(upstream:remoteref) refs/heads/dev_trainer refs/remotes/dev_trainer [22ms]
2023-05-06 10:04:17.940 [info] > git rev-parse --show-toplevel [84ms]
2023-05-06 10:04:17.966 [info] > git status -z -uall [27ms]
2023-05-06 10:04:17.978 [info] > git rev-parse --show-toplevel [33ms]
2023-05-06 10:04:17.979 [info] > git config --get commit.template [2ms]
2023-05-06 10:04:18.006 [info] > git for-each-ref --format=%(refname)%00%(upstream:short)%00%(objectname)%00%(upstream:track)%00%(upstream:remotename)%00%(upstream:remoteref) refs/heads/dev_trainer refs/remotes/dev_trainer [21ms]
2023-05-06 10:04:18.023 [info] > git status -z -uall [11ms]
2023-05-06 10:04:18.341 [info] > git check-ignore -v -z --stdin [6ms]
2023-05-06 10:14:13.666 [info] > git config --get commit.template [5ms]
2023-05-06 10:14:13.666 [info] > git for-each-ref --format=%(refname)%00%(upstream:short)%00%(objectname)%00%(upstream:track)%00%(upstream:remotename)%00%(upstream:remoteref) refs/heads/dev_trainer refs/remotes/dev_trainer [2ms]
2023-05-06 10:14:13.672 [info] > git status -z -uall [1ms]
